<?xml version="1.0" encoding="UTF-8"?>
<coverage generated="1718345472992" clover="3.2.0">
  <project timestamp="1718345472992" name="All files">
    <metrics statements="12" coveredstatements="0" conditionals="1" coveredconditionals="0" methods="3" coveredmethods="0" elements="16" coveredelements="0" complexity="0" loc="12" ncloc="12" packages="1" files="1" classes="1"/>
    <file name="echart.ts" path="/home/projects/au2-conventions-xzsu2z/src/components/echart/echart.ts">
      <metrics statements="12" coveredstatements="0" conditionals="1" coveredconditionals="0" methods="3" coveredmethods="0"/>
      <line num="1" count="0" type="stmt"/>
      <line num="2" count="0" type="stmt"/>
      <line num="3" count="0" type="stmt"/>
      <line num="5" count="0" type="stmt"/>
      <line num="15" count="0" type="stmt"/>
      <line num="16" count="0" type="stmt"/>
      <line num="20" count="0" type="stmt"/>
      <line num="24" count="0" type="cond" truecount="0" falsecount="1"/>
      <line num="25" count="0" type="stmt"/>
      <line num="27" count="0" type="stmt"/>
      <line num="28" count="0" type="stmt"/>
      <line num="31" count="0" type="stmt"/>
    </file>
  </project>
</coverage>
